2022.04.11 10:12:34.168 1: Downloading https://fhem.de/fhemupdate/controls_fhem.txt
2022.04.11 10:12:34.640 1: UPD FHEM/00_MQTT2_CLIENT.pm
2022.04.11 10:12:34.668 1: UPD FHEM/00_MQTT2_SERVER.pm
2022.04.11 10:12:34.697 1: UPD FHEM/01_FHEMWEB.pm
2022.04.11 10:12:34.928 1: UPD www/pgm2/console.js
2022.04.11 10:12:34.959 1: saving fhem.cfg
2022.04.11 10:12:34.961 1: saving ./log/fhem.save
2022.04.11 10:12:34.971 1: Calling /usr/bin/perl ./contrib/commandref_modular.pl, this may take a while
2022.04.11 10:12:35.385 1: 
2022.04.11 10:12:35.386 1: update finished, "shutdown restart" is needed to activate the changes.
2022.04.11 10:12:35.387 1: 
2022.04.11 10:12:35.387 1: Please consider using the global attribute sendStatistics
2022.04.11 10:12:42.754 2: DbLog logdb - Last database write cycle due to shutdown ...
2022.04.11 10:12:42.757 2: DbLog logdb - no data for last database write cycle
2022.04.11 10:12:42.757 1: Server shutdown delayed due to logdb for max 10 sec
2022.04.11 10:12:52.775 0: Server shutdown
2022.04.11 10:12:57.833 3: From the FHEM_GLOBALATTR environment: attr global pidfilename ./log/fhem.pid
2022.04.11 10:12:57.834 3: From the FHEM_GLOBALATTR environment: attr global nofork 0
2022.04.11 10:12:57.834 3: From the FHEM_GLOBALATTR environment: attr global logfile ./log/fhem-%Y-%m-%d.log
2022.04.11 10:12:57.835 3: From the FHEM_GLOBALATTR environment: attr global updateInBackground 1
2022.04.11 10:12:57.844 1: Including fhem.cfg
2022.04.11 10:12:58.338 3: WEB: port 8083 opened
2022.04.11 10:12:58.427 2: eventTypes: loaded 650 lines from ./log/eventTypes.txt
2022.04.11 10:12:59.175 3: AptToDate (fhemServerApt) - defined
2022.04.11 10:13:00.823 3: telnetPort: port 7072 opened
2022.04.11 10:13:03.205 3: Opening Stromzaehler device /dev/lesekopf
2022.04.11 10:13:03.262 3: Setting Stromzaehler serial parameters to 9600,7,E,1
2022.04.11 10:13:03.264 3: OBIS (Stromzaehler) - Init done
2022.04.11 10:13:03.264 3: Stromzaehler device opened
2022.04.11 10:13:03.267 3: OBIS (Stromzaehler) - Attr interval Val 5, dopoll = 
2022.04.11 10:13:03.267 3: OBIS (Stromzaehler) - Attr pollingMode Val on, dopoll = 1
2022.04.11 10:13:03.715 1: Including ./log/fhem.save
2022.04.11 10:13:03.897 3: From the FHEM_GLOBALATTR environment: attr global pidfilename ./log/fhem.pid
2022.04.11 10:13:03.898 3: From the FHEM_GLOBALATTR environment: attr global nofork 0
2022.04.11 10:13:03.899 3: From the FHEM_GLOBALATTR environment: attr global logfile ./log/fhem-%Y-%m-%d.log
2022.04.11 10:13:03.900 3: From the FHEM_GLOBALATTR environment: attr global updateInBackground 1
2022.04.11 10:13:05.716 3: From the FHEM_GLOBALATTR environment: attr global nofork 0
2022.04.11 10:13:05.717 3: From the FHEM_GLOBALATTR environment: attr global pidfilename ./log/fhem.pid
2022.04.11 10:13:05.717 3: From the FHEM_GLOBALATTR environment: attr global updateInBackground 1
2022.04.11 10:13:05.718 3: From the FHEM_GLOBALATTR environment: attr global logfile ./log/fhem-%Y-%m-%d.log
2022.04.11 10:13:05.727 1: Including fhem.cfg
2022.04.11 10:13:06.250 1: WEB: Can't open server port at 8083: Address already in use. Exiting.
2022.04.11 10:13:11.930 1: usb create starting
2022.04.11 10:13:12.173 1: usb create end
2022.04.11 10:13:12.175 0: Featurelevel: 6.1
2022.04.11 10:13:12.176 0: Server started with 20 defined entities (fhem.pl:25922/2022-04-05 perl:5.032001 os:linux user:fhem pid:15135)
2022.04.11 10:13:12.181 3: DbLog logdb - Creating Push-Handle to database Pg:database=fhem;host=localhost with user fhem
2022.04.11 10:13:12.248 3: DbLog logdb - Push-Handle to db Pg:database=fhem;host=localhost created
