2022.04.10 13:26:11.217 3: From the FHEM_GLOBALATTR environment: attr global updateInBackground 1
2022.04.10 13:26:11.217 3: From the FHEM_GLOBALATTR environment: attr global nofork 0
2022.04.10 13:26:11.218 3: From the FHEM_GLOBALATTR environment: attr global logfile ./log/fhem-%Y-%m-%d.log
2022.04.10 13:26:11.218 3: From the FHEM_GLOBALATTR environment: attr global pidfilename ./log/fhem.pid
2022.04.10 13:26:11.226 1: Including fhem.cfg
2022.04.10 13:26:11.655 3: WEB: port 8083 opened
2022.04.10 13:26:11.754 2: eventTypes: loaded 0 lines from ./log/eventTypes.txt
2022.04.10 13:26:12.453 3: AptToDate (fhemServerApt) - defined
2022.04.10 13:26:14.117 3: telnetPort: port 7072 opened
2022.04.10 13:26:14.117 3: From the FHEM_GLOBALATTR environment: attr global updateInBackground 1
2022.04.10 13:26:14.118 3: From the FHEM_GLOBALATTR environment: attr global nofork 0
2022.04.10 13:26:14.119 3: From the FHEM_GLOBALATTR environment: attr global logfile ./log/fhem-%Y-%m-%d.log
2022.04.10 13:26:14.120 3: From the FHEM_GLOBALATTR environment: attr global pidfilename ./log/fhem.pid
2022.04.10 13:26:14.121 1: Messages collected while initializing FHEM:SecurityCheck:
  telnetPort is not password protected
  WEB is not password protected

Protect this FHEM installation by defining an allowed device with define allowed allowed
You can disable this message with attr global motd none

2022.04.10 13:26:18.025 1: usb create starting
2022.04.10 13:26:18.253 1: usb create end
2022.04.10 13:26:18.255 0: Featurelevel: 6.1
2022.04.10 13:26:18.255 0: Server started with 11 defined entities (fhem.pl:25777/2022-03-05 perl:5.032001 os:linux user:fhem pid:4131)
2022.04.10 13:28:37.644 1: Downloading https://fhem.de/fhemupdate/controls_fhem.txt
2022.04.10 13:28:37.845 1: MKDIR restoreDir/update/2022-04-10
2022.04.10 13:28:38.115 1: UPD ./CHANGED
2022.04.10 13:28:38.252 1: UPD ./configDB.pm
2022.04.10 13:28:38.287 1: UPD ./fhem.pl
2022.04.10 13:28:38.360 1: UPD FHEM/00_MQTT2_SERVER.pm
2022.04.10 13:28:38.388 1: UPD FHEM/00_OW2S0SMSGUARD.pm
2022.04.10 13:28:38.418 1: UPD FHEM/01_FHEMWEB.pm
2022.04.10 13:28:38.492 1: UPD FHEM/10_EnOcean.pm
2022.04.10 13:28:38.678 1: UPD FHEM/10_KNX.pm
2022.04.10 13:28:38.831 1: UPD FHEM/10_MQTT2_DEVICE.pm
2022.04.10 13:28:38.861 1: UPD FHEM/10_ZWave.pm
2022.04.10 13:28:38.944 1: UPD FHEM/31_LightScene.pm
2022.04.10 13:28:39.065 1: UPD FHEM/32_withings.pm
2022.04.10 13:28:39.138 1: UPD FHEM/38_netatmo.pm
2022.04.10 13:28:39.205 1: UPD FHEM/49_TBot_List.pm
2022.04.10 13:28:39.240 1: UPD FHEM/53_GHoma.pm
2022.04.10 13:28:39.270 1: UPD FHEM/59_HCS.pm
2022.04.10 13:28:39.300 1: UPD FHEM/70_KODI.pm
2022.04.10 13:28:39.332 1: UPD FHEM/70_SVDRP.pm
2022.04.10 13:28:39.361 1: UPD FHEM/72_FB_CALLMONITOR.pm
2022.04.10 13:28:39.417 1: UPD FHEM/73_AutoShuttersControl.pm
2022.04.10 13:28:39.453 1: UPD FHEM/73_GasCalculator.pm
2022.04.10 13:28:39.495 1: UPD FHEM/82_LGTV_WebOS.pm
2022.04.10 13:28:39.517 1: UPD FHEM/89_AndroidDB.pm
2022.04.10 13:28:39.540 1: UPD FHEM/89_AndroidDBHost.pm
2022.04.10 13:28:39.564 1: UPD FHEM/91_notify.pm
2022.04.10 13:28:39.594 1: UPD FHEM/93_DbRep.pm
2022.04.10 13:28:39.767 1: UPD FHEM/93_PWMR.pm
2022.04.10 13:28:39.913 1: UPD FHEM/95_ShareMaster.pm
2022.04.10 13:28:39.938 1: UPD FHEM/95_Shares.pm
2022.04.10 13:28:39.968 1: UPD FHEM/98_DOIF.pm
2022.04.10 13:28:40.062 1: UPD FHEM/98_SVG.pm
2022.04.10 13:28:40.216 1: UPD FHEM/98_archetype.pm
2022.04.10 13:28:40.255 1: UPD FHEM/98_fhemdebug.pm
2022.04.10 13:28:40.280 1: UPD FHEM/98_monitoring.pm
2022.04.10 13:28:40.316 1: UPD FHEM/TcpServerUtils.pm
2022.04.10 13:28:40.342 1: UPD FHEM/lib/AttrTemplate/mqtt2.template
2022.04.10 13:28:40.529 1: UPD FHEM/lib/fhem_zwave_deviceconfig.xml.gz
2022.04.10 13:28:40.576 1: UPD FHEM/lib/openzwave_manufacturer_specific.xml
2022.04.10 13:28:40.629 1: UPD lib/FHEM/Automation/ShuttersControl.pm
2022.04.10 13:28:40.669 1: UPD lib/FHEM/Automation/ShuttersControl/EventProcessingFunctions.pm
2022.04.10 13:28:40.705 1: UPD lib/FHEM/Automation/ShuttersControl/Helper.pm
2022.04.10 13:28:40.736 1: UPD lib/FHEM/Devices/LGTV/LGTVWebOS.pm
2022.04.10 13:28:40.781 1: UPD lib/FHEM/Utility/CTZ.pm
2022.04.10 13:28:40.838 1: UPD www/images/fhemSVG/gefrierschrank_icon.svg
2022.04.10 13:28:40.913 1: UPD www/images/fhemSVG/kuehlschrank_big.svg
2022.04.10 13:28:40.945 1: UPD www/images/fhemSVG/kuehlschrank_small.svg
2022.04.10 13:28:40.982 1: UPD www/images/fhemSVG/solar_icon.svg
2022.04.10 13:28:41.014 1: UPD www/images/fhemSVG/springbrunnen_icon.svg
2022.04.10 13:28:41.052 1: UPD www/images/fhemSVG/sprinkler_icon.svg
2022.04.10 13:28:41.096 1: UPD www/images/fhemSVG/wintergarten_icon.svg
2022.04.10 13:28:41.144 1: UPD www/pgm2/fhemweb.js
2022.04.10 13:28:41.187 1: UPD www/pgm2/fhemweb_colorpicker.js
2022.04.10 13:28:41.226 1: saving fhem.cfg
2022.04.10 13:28:41.229 1: 
2022.04.10 13:28:41.230 1: New entries in the CHANGED file:
2022.04.10 13:28:41.231 1:  - bugfix:  93_DbRep: minor fix in reduceLog 
2022.04.10 13:28:41.232 1:             forum: topic,53584.msg1217329.html#msg1217329
2022.04.10 13:28:41.233 1:  - bugfix:  73_AutoShuttersControl: fix awning value in shading conditions
2022.04.10 13:28:41.234 1:  - feature: 49_TBot_List: acknowledge and categories
2022.04.10 13:28:41.234 1:  - change:  98_monitoring: PBP code restructured (part I)
2022.04.10 13:28:41.235 1:  - feature: 31_LightScene: support for configDB (by Beta-User)
2022.04.10 13:28:41.235 1:  - bugfix:  72_FB_CALLMONITOR: create reading "internal_connection" also
2022.04.10 13:28:41.236 1:             for unknown connection type values
2022.04.10 13:28:41.236 1:  - bugfix:  73_GasCalculator: German CommandRef fixed
2022.04.10 13:28:41.237 1:  - bugfix:  82_LGTV_WebOS: Close socket then catch exception
2022.04.10 13:28:41.238 1:  - bugfix:  82_LGTV_WebOS: fix crash in filehandle
2022.04.10 13:28:41.238 1:  - bugfix:  89_AndroidDB: Fixed bug in attribute createReadings
2022.04.10 13:28:41.240 1:  - feature: 89_AndroidDB: Added creation of readings for shell commands
2022.04.10 13:28:41.240 1:  - feature: 98_archetype: new option for FILTER in actual_.* attributes
2022.04.10 13:28:41.241 1:  - change:  98_archetype: now packaged, extend commandref
2022.04.10 13:28:41.242 1:  - feature: 89_AndroidDB: Added FHEM reading attributes
2022.04.10 13:28:41.242 1:  - bugfix:  70_SVDRP.pm: bugfix in NextTimer
2022.04.10 13:28:41.243 1:  - bugfix:  38_netatmo: fixed average wind angle calculation for PUBLIC
2022.04.10 13:28:41.244 1:  - feature: 10_KNX.pm: new dpt22.101, fixes: (UTF8) & dpt20 encode 
2022.04.10 13:28:41.245 1:  - new:     70_SVDRP.pm: basic control for VDR
2022.04.10 13:28:41.245 1:  - bugfix:  82_LGTV_WebOS: fix uninitialized value
2022.04.10 13:28:41.246 1:  - feature: 32_withings: added new ecg readings previously unknown
2022.04.10 13:28:41.290 1: Calling /usr/bin/perl ./contrib/commandref_modular.pl, this may take a while
2022.04.10 13:28:42.259 1: 
2022.04.10 13:28:42.259 1: update finished, "shutdown restart" is needed to activate the changes.
2022.04.10 13:28:42.261 1: 
2022.04.10 13:28:42.261 1: Please consider using the global attribute sendStatistics
2022.04.10 13:29:07.268 0: Server shutdown
2022.04.10 13:29:12.024 3: From the FHEM_GLOBALATTR environment: attr global nofork 0
2022.04.10 13:29:12.025 3: From the FHEM_GLOBALATTR environment: attr global updateInBackground 1
2022.04.10 13:29:12.025 3: From the FHEM_GLOBALATTR environment: attr global logfile ./log/fhem-%Y-%m-%d.log
2022.04.10 13:29:12.026 3: From the FHEM_GLOBALATTR environment: attr global pidfilename ./log/fhem.pid
2022.04.10 13:29:12.034 1: Including fhem.cfg
2022.04.10 13:29:12.457 3: WEB: port 8083 opened
2022.04.10 13:29:12.555 2: eventTypes: loaded 30 lines from ./log/eventTypes.txt
2022.04.10 13:29:13.224 3: AptToDate (fhemServerApt) - defined
2022.04.10 13:29:14.820 3: telnetPort: port 7072 opened
2022.04.10 13:29:14.820 1: Including ./log/fhem.save
2022.04.10 13:29:14.838 3: From the FHEM_GLOBALATTR environment: attr global nofork 0
2022.04.10 13:29:14.838 3: From the FHEM_GLOBALATTR environment: attr global updateInBackground 1
2022.04.10 13:29:14.839 3: From the FHEM_GLOBALATTR environment: attr global logfile ./log/fhem-%Y-%m-%d.log
2022.04.10 13:29:14.840 3: From the FHEM_GLOBALATTR environment: attr global pidfilename ./log/fhem.pid
2022.04.10 13:29:14.841 1: Messages collected while initializing FHEM:SecurityCheck:
  telnetPort is not password protected
  WEB is not password protected

Protect this FHEM installation by defining an allowed device with define allowed allowed
You can disable this message with attr global motd none

2022.04.10 13:29:18.684 1: usb create starting
2022.04.10 13:29:18.754 1: usb create end
2022.04.10 13:29:18.756 0: Featurelevel: 6.1
2022.04.10 13:29:18.757 0: Server started with 11 defined entities (fhem.pl:25922/2022-04-05 perl:5.032001 os:linux user:fhem pid:7408)
2022.04.10 13:49:06.078 0: Server shutdown
2022.04.10 13:50:00.048 3: From the FHEM_GLOBALATTR environment: attr global nofork 0
2022.04.10 13:50:00.048 3: From the FHEM_GLOBALATTR environment: attr global pidfilename ./log/fhem.pid
2022.04.10 13:50:00.049 3: From the FHEM_GLOBALATTR environment: attr global updateInBackground 1
2022.04.10 13:50:00.049 3: From the FHEM_GLOBALATTR environment: attr global logfile ./log/fhem-%Y-%m-%d.log
2022.04.10 13:50:00.059 1: Including fhem.cfg
2022.04.10 13:50:00.544 3: WEB: port 8083 opened
2022.04.10 13:50:00.671 2: eventTypes: loaded 34 lines from ./log/eventTypes.txt
2022.04.10 13:50:01.519 3: AptToDate (fhemServerApt) - defined
2022.04.10 13:50:03.142 3: telnetPort: port 7072 opened
2022.04.10 13:50:03.143 1: Including ./log/fhem.save
2022.04.10 13:50:03.161 3: From the FHEM_GLOBALATTR environment: attr global nofork 0
2022.04.10 13:50:03.162 3: From the FHEM_GLOBALATTR environment: attr global pidfilename ./log/fhem.pid
2022.04.10 13:50:03.163 3: From the FHEM_GLOBALATTR environment: attr global updateInBackground 1
2022.04.10 13:50:03.163 3: From the FHEM_GLOBALATTR environment: attr global logfile ./log/fhem-%Y-%m-%d.log
2022.04.10 13:50:07.091 1: usb create starting
2022.04.10 13:50:07.279 1: usb create end
2022.04.10 13:50:07.281 0: Featurelevel: 6.1
2022.04.10 13:50:07.281 0: Server started with 11 defined entities (fhem.pl:25922/2022-04-05 perl:5.032001 os:linux user:fhem pid:4205)
2022.04.10 13:53:42.791 0: Server shutdown
2022.04.10 13:57:56.218 3: From the FHEM_GLOBALATTR environment: attr global pidfilename ./log/fhem.pid
2022.04.10 13:57:56.218 3: From the FHEM_GLOBALATTR environment: attr global nofork 0
2022.04.10 13:57:56.218 3: From the FHEM_GLOBALATTR environment: attr global logfile ./log/fhem-%Y-%m-%d.log
2022.04.10 13:57:56.219 3: From the FHEM_GLOBALATTR environment: attr global updateInBackground 1
2022.04.10 13:57:56.228 1: Including fhem.cfg
2022.04.10 13:57:56.654 3: WEB: port 8083 opened
2022.04.10 13:57:56.749 2: eventTypes: loaded 34 lines from ./log/eventTypes.txt
2022.04.10 13:57:57.434 3: AptToDate (fhemServerApt) - defined
2022.04.10 13:57:59.070 3: telnetPort: port 7072 opened
2022.04.10 13:57:59.071 1: Including ./log/fhem.save
2022.04.10 13:57:59.089 3: From the FHEM_GLOBALATTR environment: attr global pidfilename ./log/fhem.pid
2022.04.10 13:57:59.090 3: From the FHEM_GLOBALATTR environment: attr global nofork 0
2022.04.10 13:57:59.090 3: From the FHEM_GLOBALATTR environment: attr global logfile ./log/fhem-%Y-%m-%d.log
2022.04.10 13:57:59.091 3: From the FHEM_GLOBALATTR environment: attr global updateInBackground 1
2022.04.10 13:58:03.084 1: usb create starting
2022.04.10 13:58:03.156 1: usb create end
2022.04.10 13:58:03.158 0: Featurelevel: 6.1
2022.04.10 13:58:03.158 0: Server started with 11 defined entities (fhem.pl:25922/2022-04-05 perl:5.032001 os:linux user:fhem pid:4204)
2022.04.10 14:10:29.615 3: DbLog logdb - Creating Push-Handle to database Pg:database=fhem;host=localhost with user fhem
2022.04.10 14:10:29.620 2: DbLog logdb - Error: DBI connect('database=fhem;host=localhost','fhem',...) failed: could not connect to server: Connection refused
	Is the server running on host "localhost" (127.0.0.1) and accepting
	TCP/IP connections on port 5432?
could not connect to server: Cannot assign requested address
	Is the server running on host "localhost" (::1) and accepting
	TCP/IP connections on port 5432? at ./FHEM/93_DbLog.pm line 3254.

2022.04.10 14:10:34.624 3: DbLog logdb - Creating Push-Handle to database Pg:database=fhem;host=localhost with user fhem
2022.04.10 14:10:34.628 2: DbLog logdb - Error: DBI connect('database=fhem;host=localhost','fhem',...) failed: could not connect to server: Connection refused
	Is the server running on host "localhost" (127.0.0.1) and accepting
	TCP/IP connections on port 5432?
could not connect to server: Cannot assign requested address
	Is the server running on host "localhost" (::1) and accepting
	TCP/IP connections on port 5432? at ./FHEM/93_DbLog.pm line 3254.

2022.04.10 14:10:39.634 3: DbLog logdb - Creating Push-Handle to database Pg:database=fhem;host=localhost with user fhem
2022.04.10 14:10:39.638 2: DbLog logdb - Error: DBI connect('database=fhem;host=localhost','fhem',...) failed: could not connect to server: Connection refused
	Is the server running on host "localhost" (127.0.0.1) and accepting
	TCP/IP connections on port 5432?
could not connect to server: Cannot assign requested address
	Is the server running on host "localhost" (::1) and accepting
	TCP/IP connections on port 5432? at ./FHEM/93_DbLog.pm line 3254.

2022.04.10 14:10:44.641 3: DbLog logdb - Creating Push-Handle to database Pg:database=fhem;host=localhost with user fhem
2022.04.10 14:10:44.645 2: DbLog logdb - Error: DBI connect('database=fhem;host=localhost','fhem',...) failed: could not connect to server: Connection refused
	Is the server running on host "localhost" (127.0.0.1) and accepting
	TCP/IP connections on port 5432?
could not connect to server: Cannot assign requested address
	Is the server running on host "localhost" (::1) and accepting
	TCP/IP connections on port 5432? at ./FHEM/93_DbLog.pm line 3254.

2022.04.10 14:10:49.651 3: DbLog logdb - Creating Push-Handle to database Pg:database=fhem;host=localhost with user fhem
2022.04.10 14:10:49.655 2: DbLog logdb - Error: DBI connect('database=fhem;host=localhost','fhem',...) failed: could not connect to server: Connection refused
	Is the server running on host "localhost" (127.0.0.1) and accepting
	TCP/IP connections on port 5432?
could not connect to server: Cannot assign requested address
	Is the server running on host "localhost" (::1) and accepting
	TCP/IP connections on port 5432? at ./FHEM/93_DbLog.pm line 3254.

2022.04.10 14:10:54.656 3: DbLog logdb - Creating Push-Handle to database Pg:database=fhem;host=localhost with user fhem
2022.04.10 14:10:54.659 2: DbLog logdb - Error: DBI connect('database=fhem;host=localhost','fhem',...) failed: could not connect to server: Connection refused
	Is the server running on host "localhost" (127.0.0.1) and accepting
	TCP/IP connections on port 5432?
could not connect to server: Cannot assign requested address
	Is the server running on host "localhost" (::1) and accepting
	TCP/IP connections on port 5432? at ./FHEM/93_DbLog.pm line 3254.

2022.04.10 14:10:59.663 3: DbLog logdb - Creating Push-Handle to database Pg:database=fhem;host=localhost with user fhem
2022.04.10 14:10:59.666 2: DbLog logdb - Error: DBI connect('database=fhem;host=localhost','fhem',...) failed: could not connect to server: Connection refused
	Is the server running on host "localhost" (127.0.0.1) and accepting
	TCP/IP connections on port 5432?
could not connect to server: Cannot assign requested address
	Is the server running on host "localhost" (::1) and accepting
	TCP/IP connections on port 5432? at ./FHEM/93_DbLog.pm line 3254.

2022.04.10 14:11:04.670 3: DbLog logdb - Creating Push-Handle to database Pg:database=fhem;host=localhost with user fhem
2022.04.10 14:11:04.672 2: DbLog logdb - Error: DBI connect('database=fhem;host=localhost','fhem',...) failed: could not connect to server: Connection refused
	Is the server running on host "localhost" (127.0.0.1) and accepting
	TCP/IP connections on port 5432?
could not connect to server: Cannot assign requested address
	Is the server running on host "localhost" (::1) and accepting
	TCP/IP connections on port 5432? at ./FHEM/93_DbLog.pm line 3254.

2022.04.10 14:11:09.678 3: DbLog logdb - Creating Push-Handle to database Pg:database=fhem;host=localhost with user fhem
2022.04.10 14:11:09.682 2: DbLog logdb - Error: DBI connect('database=fhem;host=localhost','fhem',...) failed: could not connect to server: Connection refused
	Is the server running on host "localhost" (127.0.0.1) and accepting
	TCP/IP connections on port 5432?
could not connect to server: Cannot assign requested address
	Is the server running on host "localhost" (::1) and accepting
	TCP/IP connections on port 5432? at ./FHEM/93_DbLog.pm line 3254.

2022.04.10 14:11:14.688 3: DbLog logdb - Creating Push-Handle to database Pg:database=fhem;host=localhost with user fhem
2022.04.10 14:11:14.691 2: DbLog logdb - Error: DBI connect('database=fhem;host=localhost','fhem',...) failed: could not connect to server: Connection refused
	Is the server running on host "localhost" (127.0.0.1) and accepting
	TCP/IP connections on port 5432?
could not connect to server: Cannot assign requested address
	Is the server running on host "localhost" (::1) and accepting
	TCP/IP connections on port 5432? at ./FHEM/93_DbLog.pm line 3254.

2022.04.10 14:11:19.695 3: DbLog logdb - Creating Push-Handle to database Pg:database=fhem;host=localhost with user fhem
2022.04.10 14:11:19.698 2: DbLog logdb - Error: DBI connect('database=fhem;host=localhost','fhem',...) failed: could not connect to server: Connection refused
	Is the server running on host "localhost" (127.0.0.1) and accepting
	TCP/IP connections on port 5432?
could not connect to server: Cannot assign requested address
	Is the server running on host "localhost" (::1) and accepting
	TCP/IP connections on port 5432? at ./FHEM/93_DbLog.pm line 3254.

2022.04.10 14:11:24.705 3: DbLog logdb - Creating Push-Handle to database Pg:database=fhem;host=localhost with user fhem
2022.04.10 14:11:24.708 2: DbLog logdb - Error: DBI connect('database=fhem;host=localhost','fhem',...) failed: could not connect to server: Connection refused
	Is the server running on host "localhost" (127.0.0.1) and accepting
	TCP/IP connections on port 5432?
could not connect to server: Cannot assign requested address
	Is the server running on host "localhost" (::1) and accepting
	TCP/IP connections on port 5432? at ./FHEM/93_DbLog.pm line 3254.

2022.04.10 14:11:29.710 3: DbLog logdb - Creating Push-Handle to database Pg:database=fhem;host=localhost with user fhem
2022.04.10 14:11:29.713 2: DbLog logdb - Error: DBI connect('database=fhem;host=localhost','fhem',...) failed: could not connect to server: Connection refused
	Is the server running on host "localhost" (127.0.0.1) and accepting
	TCP/IP connections on port 5432?
could not connect to server: Cannot assign requested address
	Is the server running on host "localhost" (::1) and accepting
	TCP/IP connections on port 5432? at ./FHEM/93_DbLog.pm line 3254.

2022.04.10 14:11:34.720 3: DbLog logdb - Creating Push-Handle to database Pg:database=fhem;host=localhost with user fhem
2022.04.10 14:11:34.723 2: DbLog logdb - Error: DBI connect('database=fhem;host=localhost','fhem',...) failed: could not connect to server: Connection refused
	Is the server running on host "localhost" (127.0.0.1) and accepting
	TCP/IP connections on port 5432?
could not connect to server: Cannot assign requested address
	Is the server running on host "localhost" (::1) and accepting
	TCP/IP connections on port 5432? at ./FHEM/93_DbLog.pm line 3254.

2022.04.10 14:11:39.724 3: DbLog logdb - Creating Push-Handle to database Pg:database=fhem;host=localhost with user fhem
2022.04.10 14:11:39.727 2: DbLog logdb - Error: DBI connect('database=fhem;host=localhost','fhem',...) failed: could not connect to server: Connection refused
	Is the server running on host "localhost" (127.0.0.1) and accepting
	TCP/IP connections on port 5432?
could not connect to server: Cannot assign requested address
	Is the server running on host "localhost" (::1) and accepting
	TCP/IP connections on port 5432? at ./FHEM/93_DbLog.pm line 3254.

2022.04.10 14:11:44.730 3: DbLog logdb - Creating Push-Handle to database Pg:database=fhem;host=localhost with user fhem
2022.04.10 14:11:44.733 2: DbLog logdb - Error: DBI connect('database=fhem;host=localhost','fhem',...) failed: could not connect to server: Connection refused
	Is the server running on host "localhost" (127.0.0.1) and accepting
	TCP/IP connections on port 5432?
could not connect to server: Cannot assign requested address
	Is the server running on host "localhost" (::1) and accepting
	TCP/IP connections on port 5432? at ./FHEM/93_DbLog.pm line 3254.

2022.04.10 14:11:49.740 3: DbLog logdb - Creating Push-Handle to database Pg:database=fhem;host=localhost with user fhem
2022.04.10 14:11:49.743 2: DbLog logdb - Error: DBI connect('database=fhem;host=localhost','fhem',...) failed: could not connect to server: Connection refused
	Is the server running on host "localhost" (127.0.0.1) and accepting
	TCP/IP connections on port 5432?
could not connect to server: Cannot assign requested address
	Is the server running on host "localhost" (::1) and accepting
	TCP/IP connections on port 5432? at ./FHEM/93_DbLog.pm line 3254.

2022.04.10 14:11:54.749 3: DbLog logdb - Creating Push-Handle to database Pg:database=fhem;host=localhost with user fhem
2022.04.10 14:11:54.753 2: DbLog logdb - Error: DBI connect('database=fhem;host=localhost','fhem',...) failed: could not connect to server: Connection refused
	Is the server running on host "localhost" (127.0.0.1) and accepting
	TCP/IP connections on port 5432?
could not connect to server: Cannot assign requested address
	Is the server running on host "localhost" (::1) and accepting
	TCP/IP connections on port 5432? at ./FHEM/93_DbLog.pm line 3254.

2022.04.10 14:11:59.758 3: DbLog logdb - Creating Push-Handle to database Pg:database=fhem;host=localhost with user fhem
2022.04.10 14:11:59.762 2: DbLog logdb - Error: DBI connect('database=fhem;host=localhost','fhem',...) failed: could not connect to server: Connection refused
	Is the server running on host "localhost" (127.0.0.1) and accepting
	TCP/IP connections on port 5432?
could not connect to server: Cannot assign requested address
	Is the server running on host "localhost" (::1) and accepting
	TCP/IP connections on port 5432? at ./FHEM/93_DbLog.pm line 3254.

2022.04.10 14:12:04.766 3: DbLog logdb - Creating Push-Handle to database Pg:database=fhem;host=localhost with user fhem
2022.04.10 14:12:04.769 2: DbLog logdb - Error: DBI connect('database=fhem;host=localhost','fhem',...) failed: could not connect to server: Connection refused
	Is the server running on host "localhost" (127.0.0.1) and accepting
	TCP/IP connections on port 5432?
could not connect to server: Cannot assign requested address
	Is the server running on host "localhost" (::1) and accepting
	TCP/IP connections on port 5432? at ./FHEM/93_DbLog.pm line 3254.

2022.04.10 14:12:09.770 3: DbLog logdb - Creating Push-Handle to database Pg:database=fhem;host=localhost with user fhem
2022.04.10 14:12:09.772 2: DbLog logdb - Error: DBI connect('database=fhem;host=localhost','fhem',...) failed: could not connect to server: Connection refused
	Is the server running on host "localhost" (127.0.0.1) and accepting
	TCP/IP connections on port 5432?
could not connect to server: Cannot assign requested address
	Is the server running on host "localhost" (::1) and accepting
	TCP/IP connections on port 5432? at ./FHEM/93_DbLog.pm line 3254.

2022.04.10 14:12:14.778 3: DbLog logdb - Creating Push-Handle to database Pg:database=fhem;host=localhost with user fhem
2022.04.10 14:12:14.782 2: DbLog logdb - Error: DBI connect('database=fhem;host=localhost','fhem',...) failed: could not connect to server: Connection refused
	Is the server running on host "localhost" (127.0.0.1) and accepting
	TCP/IP connections on port 5432?
could not connect to server: Cannot assign requested address
	Is the server running on host "localhost" (::1) and accepting
	TCP/IP connections on port 5432? at ./FHEM/93_DbLog.pm line 3254.

2022.04.10 14:12:19.788 3: DbLog logdb - Creating Push-Handle to database Pg:database=fhem;host=localhost with user fhem
2022.04.10 14:12:19.792 2: DbLog logdb - Error: DBI connect('database=fhem;host=localhost','fhem',...) failed: could not connect to server: Connection refused
	Is the server running on host "localhost" (127.0.0.1) and accepting
	TCP/IP connections on port 5432?
could not connect to server: Cannot assign requested address
	Is the server running on host "localhost" (::1) and accepting
	TCP/IP connections on port 5432? at ./FHEM/93_DbLog.pm line 3254.

2022.04.10 14:12:24.794 3: DbLog logdb - Creating Push-Handle to database Pg:database=fhem;host=localhost with user fhem
2022.04.10 14:12:24.796 2: DbLog logdb - Error: DBI connect('database=fhem;host=localhost','fhem',...) failed: could not connect to server: Connection refused
	Is the server running on host "localhost" (127.0.0.1) and accepting
	TCP/IP connections on port 5432?
could not connect to server: Cannot assign requested address
	Is the server running on host "localhost" (::1) and accepting
	TCP/IP connections on port 5432? at ./FHEM/93_DbLog.pm line 3254.

2022.04.10 14:12:29.800 3: DbLog logdb - Creating Push-Handle to database Pg:database=fhem;host=localhost with user fhem
2022.04.10 14:12:29.804 2: DbLog logdb - Error: DBI connect('database=fhem;host=localhost','fhem',...) failed: could not connect to server: Connection refused
	Is the server running on host "localhost" (127.0.0.1) and accepting
	TCP/IP connections on port 5432?
could not connect to server: Cannot assign requested address
	Is the server running on host "localhost" (::1) and accepting
	TCP/IP connections on port 5432? at ./FHEM/93_DbLog.pm line 3254.

2022.04.10 14:12:34.810 3: DbLog logdb - Creating Push-Handle to database Pg:database=fhem;host=localhost with user fhem
2022.04.10 14:12:34.814 2: DbLog logdb - Error: DBI connect('database=fhem;host=localhost','fhem',...) failed: could not connect to server: Connection refused
	Is the server running on host "localhost" (127.0.0.1) and accepting
	TCP/IP connections on port 5432?
could not connect to server: Cannot assign requested address
	Is the server running on host "localhost" (::1) and accepting
	TCP/IP connections on port 5432? at ./FHEM/93_DbLog.pm line 3254.

2022.04.10 14:12:39.821 3: DbLog logdb - Creating Push-Handle to database Pg:database=fhem;host=localhost with user fhem
2022.04.10 14:12:39.824 2: DbLog logdb - Error: DBI connect('database=fhem;host=localhost','fhem',...) failed: could not connect to server: Connection refused
	Is the server running on host "localhost" (127.0.0.1) and accepting
	TCP/IP connections on port 5432?
could not connect to server: Cannot assign requested address
	Is the server running on host "localhost" (::1) and accepting
	TCP/IP connections on port 5432? at ./FHEM/93_DbLog.pm line 3254.

2022.04.10 14:12:44.830 3: DbLog logdb - Creating Push-Handle to database Pg:database=fhem;host=localhost with user fhem
2022.04.10 14:12:44.833 2: DbLog logdb - Error: DBI connect('database=fhem;host=localhost','fhem',...) failed: could not connect to server: Connection refused
	Is the server running on host "localhost" (127.0.0.1) and accepting
	TCP/IP connections on port 5432?
could not connect to server: Cannot assign requested address
	Is the server running on host "localhost" (::1) and accepting
	TCP/IP connections on port 5432? at ./FHEM/93_DbLog.pm line 3254.

2022.04.10 14:12:49.837 3: DbLog logdb - Creating Push-Handle to database Pg:database=fhem;host=localhost with user fhem
2022.04.10 14:12:49.840 2: DbLog logdb - Error: DBI connect('database=fhem;host=localhost','fhem',...) failed: could not connect to server: Connection refused
	Is the server running on host "localhost" (127.0.0.1) and accepting
	TCP/IP connections on port 5432?
could not connect to server: Cannot assign requested address
	Is the server running on host "localhost" (::1) and accepting
	TCP/IP connections on port 5432? at ./FHEM/93_DbLog.pm line 3254.

2022.04.10 14:12:54.846 3: DbLog logdb - Creating Push-Handle to database Pg:database=fhem;host=localhost with user fhem
2022.04.10 14:12:54.850 2: DbLog logdb - Error: DBI connect('database=fhem;host=localhost','fhem',...) failed: could not connect to server: Connection refused
	Is the server running on host "localhost" (127.0.0.1) and accepting
	TCP/IP connections on port 5432?
could not connect to server: Cannot assign requested address
	Is the server running on host "localhost" (::1) and accepting
	TCP/IP connections on port 5432? at ./FHEM/93_DbLog.pm line 3254.

2022.04.10 14:12:59.855 3: DbLog logdb - Creating Push-Handle to database Pg:database=fhem;host=localhost with user fhem
2022.04.10 14:12:59.858 2: DbLog logdb - Error: DBI connect('database=fhem;host=localhost','fhem',...) failed: could not connect to server: Connection refused
	Is the server running on host "localhost" (127.0.0.1) and accepting
	TCP/IP connections on port 5432?
could not connect to server: Cannot assign requested address
	Is the server running on host "localhost" (::1) and accepting
	TCP/IP connections on port 5432? at ./FHEM/93_DbLog.pm line 3254.

2022.04.10 14:13:04.864 3: DbLog logdb - Creating Push-Handle to database Pg:database=fhem;host=localhost with user fhem
2022.04.10 14:13:04.866 2: DbLog logdb - Error: DBI connect('database=fhem;host=localhost','fhem',...) failed: could not connect to server: Connection refused
	Is the server running on host "localhost" (127.0.0.1) and accepting
	TCP/IP connections on port 5432?
could not connect to server: Cannot assign requested address
	Is the server running on host "localhost" (::1) and accepting
	TCP/IP connections on port 5432? at ./FHEM/93_DbLog.pm line 3254.

2022.04.10 14:13:09.868 3: DbLog logdb - Creating Push-Handle to database Pg:database=fhem;host=localhost with user fhem
2022.04.10 14:13:09.872 2: DbLog logdb - Error: DBI connect('database=fhem;host=localhost','fhem',...) failed: could not connect to server: Connection refused
	Is the server running on host "localhost" (127.0.0.1) and accepting
	TCP/IP connections on port 5432?
could not connect to server: Cannot assign requested address
	Is the server running on host "localhost" (::1) and accepting
	TCP/IP connections on port 5432? at ./FHEM/93_DbLog.pm line 3254.

2022.04.10 14:13:14.878 3: DbLog logdb - Creating Push-Handle to database Pg:database=fhem;host=localhost with user fhem
2022.04.10 14:13:14.882 2: DbLog logdb - Error: DBI connect('database=fhem;host=localhost','fhem',...) failed: could not connect to server: Connection refused
	Is the server running on host "localhost" (127.0.0.1) and accepting
	TCP/IP connections on port 5432?
could not connect to server: Cannot assign requested address
	Is the server running on host "localhost" (::1) and accepting
	TCP/IP connections on port 5432? at ./FHEM/93_DbLog.pm line 3254.

2022.04.10 14:13:19.888 3: DbLog logdb - Creating Push-Handle to database Pg:database=fhem;host=localhost with user fhem
2022.04.10 14:13:19.892 2: DbLog logdb - Error: DBI connect('database=fhem;host=localhost','fhem',...) failed: could not connect to server: Connection refused
	Is the server running on host "localhost" (127.0.0.1) and accepting
	TCP/IP connections on port 5432?
could not connect to server: Cannot assign requested address
	Is the server running on host "localhost" (::1) and accepting
	TCP/IP connections on port 5432? at ./FHEM/93_DbLog.pm line 3254.

2022.04.10 14:13:24.898 3: DbLog logdb - Creating Push-Handle to database Pg:database=fhem;host=localhost with user fhem
2022.04.10 14:13:24.902 2: DbLog logdb - Error: DBI connect('database=fhem;host=localhost','fhem',...) failed: could not connect to server: Connection refused
	Is the server running on host "localhost" (127.0.0.1) and accepting
	TCP/IP connections on port 5432?
could not connect to server: Cannot assign requested address
	Is the server running on host "localhost" (::1) and accepting
	TCP/IP connections on port 5432? at ./FHEM/93_DbLog.pm line 3254.

2022.04.10 14:13:29.903 3: DbLog logdb - Creating Push-Handle to database Pg:database=fhem;host=localhost with user fhem
2022.04.10 14:13:29.906 2: DbLog logdb - Error: DBI connect('database=fhem;host=localhost','fhem',...) failed: could not connect to server: Connection refused
	Is the server running on host "localhost" (127.0.0.1) and accepting
	TCP/IP connections on port 5432?
could not connect to server: Cannot assign requested address
	Is the server running on host "localhost" (::1) and accepting
	TCP/IP connections on port 5432? at ./FHEM/93_DbLog.pm line 3254.

2022.04.10 14:13:34.911 3: DbLog logdb - Creating Push-Handle to database Pg:database=fhem;host=localhost with user fhem
2022.04.10 14:13:34.913 2: DbLog logdb - Error: DBI connect('database=fhem;host=localhost','fhem',...) failed: could not connect to server: Connection refused
	Is the server running on host "localhost" (127.0.0.1) and accepting
	TCP/IP connections on port 5432?
could not connect to server: Cannot assign requested address
	Is the server running on host "localhost" (::1) and accepting
	TCP/IP connections on port 5432? at ./FHEM/93_DbLog.pm line 3254.

2022.04.10 14:13:35.407 2: DbLog logdb - Last database write cycle due to shutdown ...
2022.04.10 14:13:35.408 2: DbLog logdb - no data for last database write cycle
2022.04.10 14:13:35.411 1: Server shutdown delayed due to logdb for max 10 sec
2022.04.10 14:13:39.914 3: DbLog logdb - Creating Push-Handle to database Pg:database=fhem;host=localhost with user fhem
2022.04.10 14:13:39.918 2: DbLog logdb - Error: DBI connect('database=fhem;host=localhost','fhem',...) failed: could not connect to server: Connection refused
	Is the server running on host "localhost" (127.0.0.1) and accepting
	TCP/IP connections on port 5432?
could not connect to server: Cannot assign requested address
	Is the server running on host "localhost" (::1) and accepting
	TCP/IP connections on port 5432? at ./FHEM/93_DbLog.pm line 3254.

2022.04.10 14:15:00.829 3: From the FHEM_GLOBALATTR environment: attr global nofork 0
2022.04.10 14:15:00.829 3: From the FHEM_GLOBALATTR environment: attr global pidfilename ./log/fhem.pid
2022.04.10 14:15:00.830 3: From the FHEM_GLOBALATTR environment: attr global logfile ./log/fhem-%Y-%m-%d.log
2022.04.10 14:15:00.831 3: From the FHEM_GLOBALATTR environment: attr global updateInBackground 1
2022.04.10 14:15:00.839 1: Including fhem.cfg
2022.04.10 14:15:01.270 3: WEB: port 8083 opened
2022.04.10 14:15:01.369 2: eventTypes: loaded 34 lines from ./log/eventTypes.txt
2022.04.10 14:15:02.067 3: AptToDate (fhemServerApt) - defined
2022.04.10 14:15:03.643 3: telnetPort: port 7072 opened
2022.04.10 14:15:04.574 1: Including ./log/fhem.save
2022.04.10 14:15:04.594 3: From the FHEM_GLOBALATTR environment: attr global nofork 0
2022.04.10 14:15:04.595 3: From the FHEM_GLOBALATTR environment: attr global pidfilename ./log/fhem.pid
2022.04.10 14:15:04.595 3: From the FHEM_GLOBALATTR environment: attr global logfile ./log/fhem-%Y-%m-%d.log
2022.04.10 14:15:04.596 3: From the FHEM_GLOBALATTR environment: attr global updateInBackground 1
2022.04.10 14:15:08.361 1: usb create starting
2022.04.10 14:15:08.438 1: usb create end
2022.04.10 14:15:08.440 0: Featurelevel: 6.1
2022.04.10 14:15:08.440 0: Server started with 12 defined entities (fhem.pl:25922/2022-04-05 perl:5.032001 os:linux user:fhem pid:4209)
2022.04.10 14:15:09.818 3: DbLog logdb - Creating Push-Handle to database Pg:database=fhem;host=localhost with user fhem
2022.04.10 14:15:09.855 3: DbLog logdb - Push-Handle to db Pg:database=fhem;host=localhost created
2022.04.10 14:17:39.770 2: DbLog logdb - WARNING - "count" is outdated. Please consider use of DbRep "set <Name> countEntries" instead.
2022.04.10 14:40:49.542 3: Opening Stromzaehler device /dev/lesekopf
2022.04.10 14:40:49.548 3: Setting Stromzaehler serial parameters to 9600,7,E,1
2022.04.10 14:40:49.553 3: OBIS (Stromzaehler) - Init done
2022.04.10 14:40:49.553 3: Stromzaehler device opened
2022.04.10 14:41:04.528 3: OBIS (Stromzaehler) - Attr interval Val 5, dopoll = 
2022.04.10 14:41:13.267 3: OBIS (Stromzaehler) - Attr pollingMode Val on, dopoll = 1
2022.04.10 14:42:45.160 3: PROPLANTA: set WetterProplanta update 
2022.04.10 14:42:45.161 1: Timeout for PROPLANTA_Run reached, terminated process 30763
2022.04.10 14:55:02.213 2: DbLog logdb - Last database write cycle due to shutdown ...
2022.04.10 14:55:02.216 2: DbLog logdb - no data for last database write cycle
2022.04.10 14:55:02.216 1: Server shutdown delayed due to logdb for max 10 sec
2022.04.10 14:55:47.232 3: From the FHEM_GLOBALATTR environment: attr global nofork 0
2022.04.10 14:55:47.233 3: From the FHEM_GLOBALATTR environment: attr global pidfilename ./log/fhem.pid
2022.04.10 14:55:47.233 3: From the FHEM_GLOBALATTR environment: attr global logfile ./log/fhem-%Y-%m-%d.log
2022.04.10 14:55:47.234 3: From the FHEM_GLOBALATTR environment: attr global updateInBackground 1
2022.04.10 14:55:47.243 1: Including fhem.cfg
2022.04.10 14:55:47.730 3: WEB: port 8083 opened
2022.04.10 14:55:47.851 2: eventTypes: loaded 34 lines from ./log/eventTypes.txt
2022.04.10 14:55:48.611 3: AptToDate (fhemServerApt) - defined
2022.04.10 14:55:50.280 3: telnetPort: port 7072 opened
2022.04.10 14:55:52.549 3: Opening Stromzaehler device /dev/lesekopf
2022.04.10 14:55:52.605 3: Setting Stromzaehler serial parameters to 9600,7,E,1
2022.04.10 14:55:52.608 3: OBIS (Stromzaehler) - Init done
2022.04.10 14:55:52.609 3: Stromzaehler device opened
2022.04.10 14:55:52.611 3: OBIS (Stromzaehler) - Attr interval Val 5, dopoll = 
2022.04.10 14:55:52.612 3: OBIS (Stromzaehler) - Attr pollingMode Val on, dopoll = 1
2022.04.10 14:55:52.892 1: Including ./log/fhem.save
2022.04.10 14:55:52.914 3: From the FHEM_GLOBALATTR environment: attr global nofork 0
2022.04.10 14:55:52.914 3: From the FHEM_GLOBALATTR environment: attr global pidfilename ./log/fhem.pid
2022.04.10 14:55:52.915 3: From the FHEM_GLOBALATTR environment: attr global logfile ./log/fhem-%Y-%m-%d.log
2022.04.10 14:55:52.916 3: From the FHEM_GLOBALATTR environment: attr global updateInBackground 1
2022.04.10 14:55:59.794 1: usb create starting
2022.04.10 14:56:00.047 1: usb create end
2022.04.10 14:56:00.051 0: Featurelevel: 6.1
2022.04.10 14:56:00.051 0: Server started with 19 defined entities (fhem.pl:25922/2022-04-05 perl:5.032001 os:linux user:fhem pid:4209)
2022.04.10 14:56:00.058 3: DbLog logdb - Creating Push-Handle to database Pg:database=fhem;host=localhost with user fhem
2022.04.10 14:56:00.090 3: DbLog logdb - Push-Handle to db Pg:database=fhem;host=localhost created
2022.04.10 15:01:28.100 2: DbLog logdb - Last database write cycle due to shutdown ...
2022.04.10 15:01:28.102 2: DbLog logdb - no data for last database write cycle
2022.04.10 15:01:28.104 1: Server shutdown delayed due to logdb for max 10 sec
2022.04.10 15:02:27.457 3: From the FHEM_GLOBALATTR environment: attr global pidfilename ./log/fhem.pid
2022.04.10 15:02:27.458 3: From the FHEM_GLOBALATTR environment: attr global nofork 0
2022.04.10 15:02:27.458 3: From the FHEM_GLOBALATTR environment: attr global logfile ./log/fhem-%Y-%m-%d.log
2022.04.10 15:02:27.459 3: From the FHEM_GLOBALATTR environment: attr global updateInBackground 1
2022.04.10 15:02:27.468 1: Including fhem.cfg
2022.04.10 15:02:27.947 3: WEB: port 8083 opened
2022.04.10 15:02:28.057 2: eventTypes: loaded 34 lines from ./log/eventTypes.txt
2022.04.10 15:02:28.718 3: AptToDate (fhemServerApt) - defined
2022.04.10 15:02:30.291 3: telnetPort: port 7072 opened
2022.04.10 15:02:32.519 3: Opening Stromzaehler device /dev/lesekopf
2022.04.10 15:02:32.570 3: Setting Stromzaehler serial parameters to 9600,7,E,1
2022.04.10 15:02:32.572 3: OBIS (Stromzaehler) - Init done
2022.04.10 15:02:32.572 3: Stromzaehler device opened
2022.04.10 15:02:32.575 3: OBIS (Stromzaehler) - Attr interval Val 5, dopoll = 
2022.04.10 15:02:32.576 3: OBIS (Stromzaehler) - Attr pollingMode Val on, dopoll = 1
2022.04.10 15:02:32.837 1: Including ./log/fhem.save
2022.04.10 15:02:32.859 3: From the FHEM_GLOBALATTR environment: attr global pidfilename ./log/fhem.pid
2022.04.10 15:02:32.859 3: From the FHEM_GLOBALATTR environment: attr global nofork 0
2022.04.10 15:02:32.860 3: From the FHEM_GLOBALATTR environment: attr global logfile ./log/fhem-%Y-%m-%d.log
2022.04.10 15:02:32.864 3: From the FHEM_GLOBALATTR environment: attr global updateInBackground 1
2022.04.10 15:02:39.331 1: usb create starting
2022.04.10 15:02:39.410 1: usb create end
2022.04.10 15:02:39.413 0: Featurelevel: 6.1
2022.04.10 15:02:39.413 0: Server started with 19 defined entities (fhem.pl:25922/2022-04-05 perl:5.032001 os:linux user:fhem pid:4208)
2022.04.10 15:02:39.418 3: DbLog logdb - Creating Push-Handle to database Pg:database=fhem;host=localhost with user fhem
2022.04.10 15:02:39.439 3: DbLog logdb - Push-Handle to db Pg:database=fhem;host=localhost created
2022.04.10 15:23:16.677 2: DbLog logdb - Last database write cycle due to shutdown ...
2022.04.10 15:23:16.680 2: DbLog logdb - no data for last database write cycle
2022.04.10 15:23:16.681 1: Server shutdown delayed due to logdb for max 10 sec
2022.04.10 15:24:53.448 3: From the FHEM_GLOBALATTR environment: attr global pidfilename ./log/fhem.pid
2022.04.10 15:24:53.448 3: From the FHEM_GLOBALATTR environment: attr global updateInBackground 1
2022.04.10 15:24:53.448 3: From the FHEM_GLOBALATTR environment: attr global nofork 0
2022.04.10 15:24:53.449 3: From the FHEM_GLOBALATTR environment: attr global logfile ./log/fhem-%Y-%m-%d.log
2022.04.10 15:24:53.458 1: Including fhem.cfg
2022.04.10 15:24:53.950 3: WEB: port 8083 opened
2022.04.10 15:24:54.012 2: eventTypes: loaded 34 lines from ./log/eventTypes.txt
2022.04.10 15:24:54.716 3: AptToDate (fhemServerApt) - defined
2022.04.10 15:24:56.468 3: telnetPort: port 7072 opened
2022.04.10 15:24:58.981 3: Opening Stromzaehler device /dev/lesekopf
2022.04.10 15:24:59.039 3: Setting Stromzaehler serial parameters to 9600,7,E,1
2022.04.10 15:24:59.042 3: OBIS (Stromzaehler) - Init done
2022.04.10 15:24:59.042 3: Stromzaehler device opened
2022.04.10 15:24:59.044 3: OBIS (Stromzaehler) - Attr interval Val 5, dopoll = 
2022.04.10 15:24:59.045 3: OBIS (Stromzaehler) - Attr pollingMode Val on, dopoll = 1
2022.04.10 15:24:59.390 1: Including ./log/fhem.save
2022.04.10 15:24:59.535 3: From the FHEM_GLOBALATTR environment: attr global pidfilename ./log/fhem.pid
2022.04.10 15:24:59.535 3: From the FHEM_GLOBALATTR environment: attr global updateInBackground 1
2022.04.10 15:24:59.536 3: From the FHEM_GLOBALATTR environment: attr global nofork 0
2022.04.10 15:24:59.536 3: From the FHEM_GLOBALATTR environment: attr global logfile ./log/fhem-%Y-%m-%d.log
2022.04.10 15:25:06.208 1: usb create starting
2022.04.10 15:25:06.417 1: usb create end
2022.04.10 15:25:06.420 0: Featurelevel: 6.1
2022.04.10 15:25:06.420 0: Server started with 19 defined entities (fhem.pl:25922/2022-04-05 perl:5.032001 os:linux user:fhem pid:4201)
2022.04.10 15:25:06.425 3: DbLog logdb - Creating Push-Handle to database Pg:database=fhem;host=localhost with user fhem
2022.04.10 15:25:06.448 3: DbLog logdb - Push-Handle to db Pg:database=fhem;host=localhost created
2022.04.10 17:12:18.144 2: DbLog logdb - Last database write cycle due to shutdown ...
2022.04.10 17:12:18.145 2: DbLog logdb - no data for last database write cycle
2022.04.10 17:12:18.146 1: Server shutdown delayed due to logdb for max 10 sec
2022.04.10 17:14:06.098 3: From the FHEM_GLOBALATTR environment: attr global logfile ./log/fhem-%Y-%m-%d.log
2022.04.10 17:14:06.099 3: From the FHEM_GLOBALATTR environment: attr global pidfilename ./log/fhem.pid
2022.04.10 17:14:06.099 3: From the FHEM_GLOBALATTR environment: attr global updateInBackground 1
2022.04.10 17:14:06.100 3: From the FHEM_GLOBALATTR environment: attr global nofork 0
2022.04.10 17:14:06.108 1: Including fhem.cfg
2022.04.10 17:14:06.596 3: WEB: port 8083 opened
2022.04.10 17:14:06.664 2: eventTypes: loaded 34 lines from ./log/eventTypes.txt
2022.04.10 17:14:07.361 3: AptToDate (fhemServerApt) - defined
2022.04.10 17:14:08.985 3: telnetPort: port 7072 opened
2022.04.10 17:14:11.409 3: Opening Stromzaehler device /dev/lesekopf
2022.04.10 17:14:11.467 3: Setting Stromzaehler serial parameters to 9600,7,E,1
2022.04.10 17:14:11.471 3: OBIS (Stromzaehler) - Init done
2022.04.10 17:14:11.471 3: Stromzaehler device opened
2022.04.10 17:14:11.473 3: OBIS (Stromzaehler) - Attr interval Val 5, dopoll = 
2022.04.10 17:14:11.474 3: OBIS (Stromzaehler) - Attr pollingMode Val on, dopoll = 1
2022.04.10 17:14:11.829 1: Including ./log/fhem.save
2022.04.10 17:14:11.968 3: From the FHEM_GLOBALATTR environment: attr global logfile ./log/fhem-%Y-%m-%d.log
2022.04.10 17:14:11.970 3: From the FHEM_GLOBALATTR environment: attr global pidfilename ./log/fhem.pid
2022.04.10 17:14:11.970 3: From the FHEM_GLOBALATTR environment: attr global updateInBackground 1
2022.04.10 17:14:11.971 3: From the FHEM_GLOBALATTR environment: attr global nofork 0
2022.04.10 17:14:18.588 1: usb create starting
2022.04.10 17:14:18.805 1: usb create end
2022.04.10 17:14:18.808 0: Featurelevel: 6.1
2022.04.10 17:14:18.808 0: Server started with 19 defined entities (fhem.pl:25922/2022-04-05 perl:5.032001 os:linux user:fhem pid:4231)
2022.04.10 17:14:18.815 3: DbLog logdb - Creating Push-Handle to database Pg:database=fhem;host=localhost with user fhem
2022.04.10 17:14:18.842 3: DbLog logdb - Push-Handle to db Pg:database=fhem;host=localhost created
2022.04.10 17:14:47.122 1: PROPLANTA WetterProplanta: HtmlAcquire.592 Error: Can't get https://www.proplanta.de/Wetter/profi-wetter.php?SITEID=60&PLZ=Oldenburg+in+Holstein&STADT=Oldenburg+in+Holstein&WETTERaufrufen=stadt&Wtp=&SUCHE=Wetter&wT=0 -- 500 Can't connect to www.proplanta.de:443 (No route to host)
2022.04.10 17:14:50.234 1: PROPLANTA WetterProplanta: HtmlAcquire.592 Error: Can't get https://www.proplanta.de/Wetter/profi-wetter.php?SITEID=60&PLZ=Oldenburg+in+Holstein&STADT=Oldenburg+in+Holstein&WETTERaufrufen=stadt&Wtp=&SUCHE=Wetter&wT=4 -- 500 Can't connect to www.proplanta.de:443 (No route to host)
2022.04.10 21:52:56.541 3: FHEMWEB WEB CSRF error: csrf_577696289961706 ne csrf_768716076145199 for client WEB_192.168.178.84_63181 / command update all. For details see the csrfToken FHEMWEB attribute.
